Determining if the pthread_create exist failed with the following output:
Change Dir: /home/xpx/Documents/pcd_read/CMakeFiles/CMakeTmp

Run Build Command:"/usr/bin/make" "cmTC_74a75/fast"
/usr/bin/make -f CMakeFiles/cmTC_74a75.dir/build.make CMakeFiles/cmTC_74a75.dir/build
make[1]: Entering directory '/home/xpx/Documents/pcd_read/CMakeFiles/CMakeTmp'
Building C object CMakeFiles/cmTC_74a75.dir/CheckSymbolExists.c.o
/usr/bin/cc     -o CMakeFiles/cmTC_74a75.dir/CheckSymbolExists.c.o   -c /home/xpx/Documents/pcd_read/CMakeFiles/CMakeTmp/CheckSymbolExists.c
Linking C executable cmTC_74a75
/usr/bin/cmake -E cmake_link_script CMakeFiles/cmTC_74a75.dir/link.txt --verbose=1
/usr/bin/cc       CMakeFiles/cmTC_74a75.dir/CheckSymbolExists.c.o  -o cmTC_74a75 -rdynamic 
CMakeFiles/cmTC_74a75.dir/CheckSymbolExists.c.o: In function `main':
CheckSymbolExists.c:(.text+0x16): undefined reference to `pthread_create'
collect2: error: ld returned 1 exit status
CMakeFiles/cmTC_74a75.dir/build.make:97: recipe for target 'cmTC_74a75' failed
make[1]: *** [cmTC_74a75] Error 1
make[1]: Leaving directory '/home/xpx/Documents/pcd_read/CMakeFiles/CMakeTmp'
Makefile:126: recipe for target 'cmTC_74a75/fast' failed
make: *** [cmTC_74a75/fast] Error 2

File /home/xpx/Documents/pcd_read/CMakeFiles/CMakeTmp/CheckSymbolExists.c:
/* */
#include <pthread.h>

int main(int argc, char** argv)
{
  (void)argv;
#ifndef pthread_create
  return ((int*)(&pthread_create))[argc];
#else
  (void)argc;
  return 0;
#endif
}

Determining if the function pthread_create exists in the pthreads failed with the following output:
Change Dir: /home/xpx/Documents/pcd_read/CMakeFiles/CMakeTmp

Run Build Command:"/usr/bin/make" "cmTC_f148b/fast"
/usr/bin/make -f CMakeFiles/cmTC_f148b.dir/build.make CMakeFiles/cmTC_f148b.dir/build
make[1]: Entering directory '/home/xpx/Documents/pcd_read/CMakeFiles/CMakeTmp'
Building C object CMakeFiles/cmTC_f148b.dir/CheckFunctionExists.c.o
/usr/bin/cc    -DCHECK_FUNCTION_EXISTS=pthread_create   -o CMakeFiles/cmTC_f148b.dir/CheckFunctionExists.c.o   -c /usr/share/cmake-3.5/Modules/CheckFunctionExists.c
Linking C executable cmTC_f148b
/usr/bin/cmake -E cmake_link_script CMakeFiles/cmTC_f148b.dir/link.txt --verbose=1
/usr/bin/cc   -DCHECK_FUNCTION_EXISTS=pthread_create    CMakeFiles/cmTC_f148b.dir/CheckFunctionExists.c.o  -o cmTC_f148b -rdynamic -lpthreads 
/usr/bin/ld: cannot find -lpthreads
collect2: error: ld returned 1 exit status
CMakeFiles/cmTC_f148b.dir/build.make:97: recipe for target 'cmTC_f148b' failed
make[1]: *** [cmTC_f148b] Error 1
make[1]: Leaving directory '/home/xpx/Documents/pcd_read/CMakeFiles/CMakeTmp'
Makefile:126: recipe for target 'cmTC_f148b/fast' failed
make: *** [cmTC_f148b/fast] Error 2


